Base path: 'D:/UnityHub/2019.4.25f1c1/Editor/Data', plugins path 'D:/UnityHub/2019.4.25f1c1/Editor/Data/PlaybackEngines'
Cmd: initializeCompiler
Cmd: preprocess
  insize=2199 outsize=232 ok=1
Cmd: preprocess
  insize=2195 outsize=233 ok=1
Cmd: preprocess
  insize=2270 outsize=233 ok=1
Cmd: preprocess
  insize=2297 outsize=231 ok=1
Cmd: preprocess
  insize=2298 outsize=233 ok=1
Cmd: preprocess
  insize=2492 outsize=233 ok=1
Cmd: compileSnippet
  error: 2 plat 4 at (62): redefinition of 'flag'\nCompiling Vertex program
Platform defines: UNITY_NO_DXT5nm UNITY_ENABLE_REFLECTION_BUFFERS UNITY_NO_CUBEMAP_ARRAY UNITY_NO_SCREENSPACE_SHADOWS UNITY_PBS_USE_BRDF2 SHADER_API_DESKTOP UNITY_HARDWARE_TIER3 UNITY_LIGHTMAP_DLDR_ENCODING
  api=4 type=0 insize=2695 outsize=0 kw= pd=UNITY_NO_DXT5nm UNITY_ENABLE_REFLECTION_BUFFERS UNITY_NO_CUBEMAP_ARRAY UNITY_NO_SCREENSPACE_SHADOWS UNITY_PBS_USE_BRDF2 SHADER_API_DESKTOP UNITY_HARDWARE_TIER3 UNITY_LIGHTMAP_DLDR_ENCODING ok=0
Cmd: compileSnippet
  error: 2 plat 4 at (62): redefinition of 'flag'\nCompiling Fragment program
Platform defines: UNITY_NO_DXT5nm UNITY_ENABLE_REFLECTION_BUFFERS UNITY_NO_CUBEMAP_ARRAY UNITY_NO_SCREENSPACE_SHADOWS UNITY_PBS_USE_BRDF2 SHADER_API_DESKTOP UNITY_HARDWARE_TIER3 UNITY_LIGHTMAP_DLDR_ENCODING
  api=4 type=1 insize=2695 outsize=0 kw= pd=UNITY_NO_DXT5nm UNITY_ENABLE_REFLECTION_BUFFERS UNITY_NO_CUBEMAP_ARRAY UNITY_NO_SCREENSPACE_SHADOWS UNITY_PBS_USE_BRDF2 SHADER_API_DESKTOP UNITY_HARDWARE_TIER3 UNITY_LIGHTMAP_DLDR_ENCODING ok=0
Cmd: preprocess
  insize=2486 outsize=233 ok=1
Cmd: preprocess
  insize=2460 outsize=233 ok=1
Cmd: preprocess
  insize=2460 outsize=231 ok=1
Cmd: preprocess
  insize=2460 outsize=233 ok=1
Cmd: preprocess
  insize=2463 outsize=232 ok=1
Cmd: preprocess
  insize=2460 outsize=233 ok=1
Cmd: preprocess
  insize=2470 outsize=233 ok=1
Cmd: preprocess
  insize=2470 outsize=233 ok=1
Cmd: preprocess
  insize=2470 outsize=233 ok=1
Cmd: preprocess
  insize=2495 outsize=232 ok=1
Cmd: preprocess
  insize=2497 outsize=233 ok=1
Cmd: preprocess
  insize=2470 outsize=233 ok=1
Cmd: preprocess
  insize=2248 outsize=233 ok=1
Cmd: preprocess
  insize=2246 outsize=233 ok=1
Cmd: preprocess
  insize=2247 outsize=233 ok=1
Cmd: preprocess
  insize=2246 outsize=233 ok=1
Cmd: preprocess
  insize=3339 outsize=334 ok=1
Cmd: compileSnippet
  error: 2 plat 4 at (100): undeclared identifier 'mosic'\nCompiling Vertex program
Platform defines: UNITY_NO_DXT5nm UNITY_ENABLE_REFLECTION_BUFFERS UNITY_NO_CUBEMAP_ARRAY UNITY_NO_SCREENSPACE_SHADOWS UNITY_PBS_USE_BRDF2 SHADER_API_DESKTOP UNITY_HARDWARE_TIER3 UNITY_LIGHTMAP_DLDR_ENCODING
  api=4 type=0 insize=1436 outsize=0 kw= pd=UNITY_NO_DXT5nm UNITY_ENABLE_REFLECTION_BUFFERS UNITY_NO_CUBEMAP_ARRAY UNITY_NO_SCREENSPACE_SHADOWS UNITY_PBS_USE_BRDF2 SHADER_API_DESKTOP UNITY_HARDWARE_TIER3 UNITY_LIGHTMAP_DLDR_ENCODING ok=0
Cmd: compileSnippet
  error: 2 plat 4 at (100): undeclared identifier 'mosic'\nCompiling Fragment program
Platform defines: UNITY_NO_DXT5nm UNITY_ENABLE_REFLECTION_BUFFERS UNITY_NO_CUBEMAP_ARRAY UNITY_NO_SCREENSPACE_SHADOWS UNITY_PBS_USE_BRDF2 SHADER_API_DESKTOP UNITY_HARDWARE_TIER3 UNITY_LIGHTMAP_DLDR_ENCODING
  api=4 type=1 insize=1436 outsize=0 kw= pd=UNITY_NO_DXT5nm UNITY_ENABLE_REFLECTION_BUFFERS UNITY_NO_CUBEMAP_ARRAY UNITY_NO_SCREENSPACE_SHADOWS UNITY_PBS_USE_BRDF2 SHADER_API_DESKTOP UNITY_HARDWARE_TIER3 UNITY_LIGHTMAP_DLDR_ENCODING ok=0
Cmd: preprocess
  insize=3408 outsize=333 ok=1
Cmd: compileSnippet
  error: 2 plat 4 at (99): invalid subscript 'i'\nCompiling Vertex program
Platform defines: UNITY_NO_DXT5nm UNITY_ENABLE_REFLECTION_BUFFERS UNITY_NO_CUBEMAP_ARRAY UNITY_NO_SCREENSPACE_SHADOWS UNITY_PBS_USE_BRDF2 SHADER_API_DESKTOP UNITY_HARDWARE_TIER3 UNITY_LIGHTMAP_DLDR_ENCODING
  api=4 type=0 insize=1505 outsize=0 kw= pd=UNITY_NO_DXT5nm UNITY_ENABLE_REFLECTION_BUFFERS UNITY_NO_CUBEMAP_ARRAY UNITY_NO_SCREENSPACE_SHADOWS UNITY_PBS_USE_BRDF2 SHADER_API_DESKTOP UNITY_HARDWARE_TIER3 UNITY_LIGHTMAP_DLDR_ENCODING ok=0
Cmd: compileSnippet
  error: 2 plat 4 at (99): invalid subscript 'i'\nCompiling Fragment program
Platform defines: UNITY_NO_DXT5nm UNITY_ENABLE_REFLECTION_BUFFERS UNITY_NO_CUBEMAP_ARRAY UNITY_NO_SCREENSPACE_SHADOWS UNITY_PBS_USE_BRDF2 SHADER_API_DESKTOP UNITY_HARDWARE_TIER3 UNITY_LIGHTMAP_DLDR_ENCODING
  api=4 type=1 insize=1505 outsize=0 kw= pd=UNITY_NO_DXT5nm UNITY_ENABLE_REFLECTION_BUFFERS UNITY_NO_CUBEMAP_ARRAY UNITY_NO_SCREENSPACE_SHADOWS UNITY_PBS_USE_BRDF2 SHADER_API_DESKTOP UNITY_HARDWARE_TIER3 UNITY_LIGHTMAP_DLDR_ENCODING ok=0
Cmd: preprocess
  insize=3411 outsize=333 ok=1
Cmd: preprocess
  insize=3411 outsize=334 ok=1
Cmd: preprocess
  insize=3429 outsize=336 ok=1
Cmd: preprocess
  insize=4026 outsize=336 ok=1
Cmd: preprocess
  insize=4025 outsize=336 ok=1
Cmd: preprocess
  insize=4024 outsize=336 ok=1
Cmd: preprocess
  insize=3943 outsize=336 ok=1
Cmd: preprocess
  insize=3928 outsize=335 ok=1
Cmd: preprocess
  insize=3943 outsize=336 ok=1
Cmd: preprocess
  insize=3928 outsize=335 ok=1
Cmd: preprocess
  insize=3935 outsize=336 ok=1
Cmd: preprocess
  insize=3943 outsize=335 ok=1
Cmd: preprocess
  insize=3928 outsize=335 ok=1
Cmd: preprocess
  insize=3930 outsize=335 ok=1
Cmd: preprocess
  insize=3945 outsize=335 ok=1
Cmd: preprocess
  insize=3945 outsize=334 ok=1
Cmd: preprocess
  insize=3461 outsize=335 ok=1
Cmd: preprocess
  insize=3522 outsize=336 ok=1
Cmd: preprocess
  insize=3494 outsize=336 ok=1
Cmd: preprocess
  insize=3506 outsize=336 ok=1
Cmd: preprocess
  insize=3505 outsize=335 ok=1
Cmd: preprocess
  insize=3508 outsize=335 ok=1
Cmd: compileSnippet
  error: 2 plat 4 at (106): undeclared identifier 'flag'\nCompiling Vertex program
Platform defines: UNITY_NO_DXT5nm UNITY_ENABLE_REFLECTION_BUFFERS UNITY_NO_CUBEMAP_ARRAY UNITY_NO_SCREENSPACE_SHADOWS UNITY_PBS_USE_BRDF2 SHADER_API_DESKTOP UNITY_HARDWARE_TIER3 UNITY_LIGHTMAP_DLDR_ENCODING
  api=4 type=0 insize=1518 outsize=0 kw= pd=UNITY_NO_DXT5nm UNITY_ENABLE_REFLECTION_BUFFERS UNITY_NO_CUBEMAP_ARRAY UNITY_NO_SCREENSPACE_SHADOWS UNITY_PBS_USE_BRDF2 SHADER_API_DESKTOP UNITY_HARDWARE_TIER3 UNITY_LIGHTMAP_DLDR_ENCODING ok=0
Cmd: compileSnippet
  error: 2 plat 4 at (106): undeclared identifier 'flag'\nCompiling Fragment program
Platform defines: UNITY_NO_DXT5nm UNITY_ENABLE_REFLECTION_BUFFERS UNITY_NO_CUBEMAP_ARRAY UNITY_NO_SCREENSPACE_SHADOWS UNITY_PBS_USE_BRDF2 SHADER_API_DESKTOP UNITY_HARDWARE_TIER3 UNITY_LIGHTMAP_DLDR_ENCODING
  api=4 type=1 insize=1518 outsize=0 kw= pd=UNITY_NO_DXT5nm UNITY_ENABLE_REFLECTION_BUFFERS UNITY_NO_CUBEMAP_ARRAY UNITY_NO_SCREENSPACE_SHADOWS UNITY_PBS_USE_BRDF2 SHADER_API_DESKTOP UNITY_HARDWARE_TIER3 UNITY_LIGHTMAP_DLDR_ENCODING ok=0
Cmd: preprocess
  insize=3494 outsize=336 ok=1
Cmd: preprocess
  insize=3495 outsize=336 ok=1
Cmd: preprocess
  insize=3498 outsize=336 ok=1
Cmd: preprocess
  insize=3498 outsize=336 ok=1
Cmd: preprocess
  insize=3494 outsize=335 ok=1
Cmd: preprocess
  insize=3464 outsize=336 ok=1
Cmd: preprocess
  insize=3439 outsize=336 ok=1
Cmd: preprocess
  insize=3464 outsize=336 ok=1
Cmd: preprocess
  insize=6019 outsize=431 ok=1
Cmd: compileSnippet
  error: 2 plat 4 at (48): redefinition of 'uv1'\nCompiling Vertex program
Platform defines: UNITY_NO_DXT5nm UNITY_ENABLE_REFLECTION_BUFFERS UNITY_NO_CUBEMAP_ARRAY UNITY_NO_SCREENSPACE_SHADOWS UNITY_PBS_USE_BRDF2 SHADER_API_DESKTOP UNITY_HARDWARE_TIER3 UNITY_LIGHTMAP_DLDR_ENCODING
  api=4 type=0 insize=2723 outsize=0 kw= pd=UNITY_NO_DXT5nm UNITY_ENABLE_REFLECTION_BUFFERS UNITY_NO_CUBEMAP_ARRAY UNITY_NO_SCREENSPACE_SHADOWS UNITY_PBS_USE_BRDF2 SHADER_API_DESKTOP UNITY_HARDWARE_TIER3 UNITY_LIGHTMAP_DLDR_ENCODING ok=0
Cmd: compileSnippet
  error: 2 plat 4 at (48): redefinition of 'uv1'\nCompiling Fragment program
Platform defines: UNITY_NO_DXT5nm UNITY_ENABLE_REFLECTION_BUFFERS UNITY_NO_CUBEMAP_ARRAY UNITY_NO_SCREENSPACE_SHADOWS UNITY_PBS_USE_BRDF2 SHADER_API_DESKTOP UNITY_HARDWARE_TIER3 UNITY_LIGHTMAP_DLDR_ENCODING
  api=4 type=1 insize=2723 outsize=0 kw= pd=UNITY_NO_DXT5nm UNITY_ENABLE_REFLECTION_BUFFERS UNITY_NO_CUBEMAP_ARRAY UNITY_NO_SCREENSPACE_SHADOWS UNITY_PBS_USE_BRDF2 SHADER_API_DESKTOP UNITY_HARDWARE_TIER3 UNITY_LIGHTMAP_DLDR_ENCODING ok=0
Cmd: compileSnippet
  error: 2 plat 4 at (112): redefinition of 'uv1'\nCompiling Vertex program
Platform defines: UNITY_NO_DXT5nm UNITY_ENABLE_REFLECTION_BUFFERS UNITY_NO_CUBEMAP_ARRAY UNITY_NO_SCREENSPACE_SHADOWS UNITY_PBS_USE_BRDF2 SHADER_API_DESKTOP UNITY_HARDWARE_TIER3 UNITY_LIGHTMAP_DLDR_ENCODING
  api=4 type=0 insize=2685 outsize=0 kw= pd=UNITY_NO_DXT5nm UNITY_ENABLE_REFLECTION_BUFFERS UNITY_NO_CUBEMAP_ARRAY UNITY_NO_SCREENSPACE_SHADOWS UNITY_PBS_USE_BRDF2 SHADER_API_DESKTOP UNITY_HARDWARE_TIER3 UNITY_LIGHTMAP_DLDR_ENCODING ok=0
Cmd: compileSnippet
  error: 2 plat 4 at (112): redefinition of 'uv1'\nCompiling Fragment program
Platform defines: UNITY_NO_DXT5nm UNITY_ENABLE_REFLECTION_BUFFERS UNITY_NO_CUBEMAP_ARRAY UNITY_NO_SCREENSPACE_SHADOWS UNITY_PBS_USE_BRDF2 SHADER_API_DESKTOP UNITY_HARDWARE_TIER3 UNITY_LIGHTMAP_DLDR_ENCODING
  api=4 type=1 insize=2685 outsize=0 kw= pd=UNITY_NO_DXT5nm UNITY_ENABLE_REFLECTION_BUFFERS UNITY_NO_CUBEMAP_ARRAY UNITY_NO_SCREENSPACE_SHADOWS UNITY_PBS_USE_BRDF2 SHADER_API_DESKTOP UNITY_HARDWARE_TIER3 UNITY_LIGHTMAP_DLDR_ENCODING ok=0
Cmd: compileSnippet
  api=4 type=0 insize=1506 outsize=690 kw= pd=UNITY_NO_DXT5nm UNITY_ENABLE_REFLECTION_BUFFERS UNITY_NO_CUBEMAP_ARRAY UNITY_NO_SCREENSPACE_SHADOWS UNITY_PBS_USE_BRDF2 SHADER_API_DESKTOP UNITY_HARDWARE_TIER3 UNITY_LIGHTMAP_DLDR_ENCODING ok=1
Cmd: compileSnippet
  api=4 type=1 insize=1506 outsize=486 kw= pd=UNITY_NO_DXT5nm UNITY_ENABLE_REFLECTION_BUFFERS UNITY_NO_CUBEMAP_ARRAY UNITY_NO_SCREENSPACE_SHADOWS UNITY_PBS_USE_BRDF2 SHADER_API_DESKTOP UNITY_HARDWARE_TIER3 UNITY_LIGHTMAP_DLDR_ENCODING ok=1
Cmd: preprocess
  insize=5800 outsize=430 ok=1
Cmd: compileSnippet
  error: 2 plat 4 at (48): redefinition of 'uv1'\nCompiling Vertex program
Platform defines: UNITY_NO_DXT5nm UNITY_ENABLE_REFLECTION_BUFFERS UNITY_NO_CUBEMAP_ARRAY UNITY_NO_SCREENSPACE_SHADOWS UNITY_PBS_USE_BRDF2 SHADER_API_DESKTOP UNITY_HARDWARE_TIER3 UNITY_LIGHTMAP_DLDR_ENCODING
  api=4 type=0 insize=2723 outsize=0 kw= pd=UNITY_NO_DXT5nm UNITY_ENABLE_REFLECTION_BUFFERS UNITY_NO_CUBEMAP_ARRAY UNITY_NO_SCREENSPACE_SHADOWS UNITY_PBS_USE_BRDF2 SHADER_API_DESKTOP UNITY_HARDWARE_TIER3 UNITY_LIGHTMAP_DLDR_ENCODING ok=0
Cmd: compileSnippet
  error: 2 plat 4 at (48): redefinition of 'uv1'\nCompiling Fragment program
Platform defines: UNITY_NO_DXT5nm UNITY_ENABLE_REFLECTION_BUFFERS UNITY_NO_CUBEMAP_ARRAY UNITY_NO_SCREENSPACE_SHADOWS UNITY_PBS_USE_BRDF2 SHADER_API_DESKTOP UNITY_HARDWARE_TIER3 UNITY_LIGHTMAP_DLDR_ENCODING
  api=4 type=1 insize=2723 outsize=0 kw= pd=UNITY_NO_DXT5nm UNITY_ENABLE_REFLECTION_BUFFERS UNITY_NO_CUBEMAP_ARRAY UNITY_NO_SCREENSPACE_SHADOWS UNITY_PBS_USE_BRDF2 SHADER_API_DESKTOP UNITY_HARDWARE_TIER3 UNITY_LIGHTMAP_DLDR_ENCODING ok=0
Cmd: preprocess
  insize=5581 outsize=430 ok=1
Cmd: preprocess
  insize=5585 outsize=430 ok=1
Cmd: preprocess
  insize=5578 outsize=430 ok=1
Cmd: preprocess
  insize=5570 outsize=430 ok=1
Cmd: preprocess
  insize=5577 outsize=430 ok=1
Cmd: preprocess
  insize=5563 outsize=430 ok=1
Cmd: preprocess
  insize=5603 outsize=431 ok=1
Cmd: preprocess
  insize=5603 outsize=431 ok=1
Cmd: preprocess
  insize=5603 outsize=431 ok=1
Cmd: preprocess
  insize=5606 outsize=431 ok=1
Cmd: preprocess
  insize=5563 outsize=430 ok=1
Cmd: preprocess
  insize=5567 outsize=430 ok=1
Cmd: preprocess
  insize=5574 outsize=430 ok=1
Cmd: preprocess
  insize=5567 outsize=430 ok=1
Cmd: preprocess
  insize=5563 outsize=430 ok=1
Cmd: preprocess
  insize=5559 outsize=430 ok=1
Cmd: preprocess
  insize=5563 outsize=430 ok=1
Cmd: preprocess
  insize=5559 outsize=430 ok=1
Cmd: preprocess
  insize=5566 outsize=430 ok=1
Cmd: preprocess
  insize=5559 outsize=430 ok=1
Cmd: preprocess
  insize=5558 outsize=431 ok=1
Cmd: shutdown

Quitting shader compiler process
